2024-10-08 09:27:41,645 [INFO] Activator:176 - 


2024-10-08 09:27:41,646 [INFO] Activator:177 - !SESSION log4j initialized
2024-10-08 09:27:43,629 [INFO] LogOutputStream:77 - [STDOUT_REDIRECT] 
2024-10-08 09:27:44,785 [INFO] ApplicationProperties:184 - Using Application install path: D:\ST\STM32CubeIDE_1.13.2\STM32CubeIDE\plugins\com.st.stm32cube.common.mx_6.9.2.202309101412
2024-10-08 09:27:44,801 [INFO] DbMcusXml:78 - Set database path to: D:\ST\STM32CubeIDE_1.13.2\STM32CubeIDE\plugins\com.st.stm32cube.common.mx_6.9.2.202309101412\\db\/mcu/
2024-10-08 09:27:44,801 [INFO] ApiDb:274 - Set plugin database path to: D:\ST\STM32CubeIDE_1.13.2\STM32CubeIDE\plugins\com.st.stm32cube.common.mx_6.9.2.202309101412\\db\/plugins/boardmanager/
2024-10-08 09:27:44,802 [WARN] ApiDb:259 - Overriding images path with different value:  => D:\ST\STM32CubeIDE_1.13.2\STM32CubeIDE\plugins\com.st.stm32cube.common.mx_6.9.2.202309101412\\db\/plugins/mcufinder/images/
2024-10-08 09:27:44,812 [INFO] ApiDb:250 - Set database path to: C:\Users\abdur\.stmcufinder\plugins\mcufinder//mcu/
2024-10-08 09:27:44,813 [INFO] DbMcusAds:125 - Set database path to: C:\Users\abdur\.stmcufinder\plugins\mcufinder//mcu/
2024-10-08 09:27:44,815 [INFO] CrossReferenceDbSqlite:203 - Set database path to: C:\Users\abdur\.stmcufinder\plugins\mcufinder//mcu/cs/
2024-10-08 09:27:44,909 [INFO] RulesReader:64 - Compatibility file has been processed (293 Rules)
2024-10-08 09:27:44,984 [INFO] DbMcusXml:78 - Set database path to: D:\ST\STM32CubeIDE_1.13.2\STM32CubeIDE\plugins\com.st.stm32cube.common.mx_6.9.2.202309101412\\db\/mcu/
2024-10-08 09:27:44,984 [INFO] ApiDb:274 - Set plugin database path to: D:\ST\STM32CubeIDE_1.13.2\STM32CubeIDE\plugins\com.st.stm32cube.common.mx_6.9.2.202309101412\\db\/plugins/boardmanager/
2024-10-08 09:27:44,984 [INFO] ApiDb:261 - Set plugin images path to: D:\ST\STM32CubeIDE_1.13.2\STM32CubeIDE\plugins\com.st.stm32cube.common.mx_6.9.2.202309101412\\db\/plugins/mcufinder/images/
2024-10-08 09:27:44,984 [WARN] DbFile:41 - Overriding database path with different value: C:\Users\abdur\.stmcufinder\plugins\mcufinder/ => C:\Users\abdur\.stmcufinder\plugins\mcufinder
2024-10-08 09:27:44,984 [INFO] ApiDb:250 - Set database path to: C:\Users\abdur\.stmcufinder\plugins\mcufinder//mcu/
2024-10-08 09:27:44,984 [WARN] DbFile:41 - Overriding database path with different value: C:\Users\abdur\.stmcufinder\plugins\mcufinder/ => C:\Users\abdur\.stmcufinder\plugins\mcufinder
2024-10-08 09:27:44,985 [INFO] DbMcusAds:125 - Set database path to: C:\Users\abdur\.stmcufinder\plugins\mcufinder//mcu/
2024-10-08 09:27:44,985 [WARN] DbFile:41 - Overriding database path with different value: C:\Users\abdur\.stmcufinder\plugins\mcufinder/ => C:\Users\abdur\.stmcufinder\plugins\mcufinder
2024-10-08 09:27:44,985 [WARN] DbFile:41 - Overriding database path with different value: C:\Users\abdur\.stmcufinder\plugins\mcufinder/ => C:\Users\abdur\.stmcufinder\plugins\mcufinder
2024-10-08 09:27:44,985 [INFO] CrossReferenceDbSqlite:203 - Set database path to: C:\Users\abdur\.stmcufinder\plugins\mcufinder//mcu/cs/
2024-10-08 09:27:45,040 [INFO] MainPanel:262 - HeapMemory: 268435456
2024-10-08 09:27:45,093 [INFO] DbMcusXml:78 - Set database path to: D:\ST\STM32CubeIDE_1.13.2\STM32CubeIDE\plugins\com.st.stm32cube.common.mx_6.9.2.202309101412\\db\/mcu/
2024-10-08 09:27:45,093 [INFO] ApiDb:274 - Set plugin database path to: D:\ST\STM32CubeIDE_1.13.2\STM32CubeIDE\plugins\com.st.stm32cube.common.mx_6.9.2.202309101412\\db\/plugins/boardmanager/
2024-10-08 09:27:45,094 [INFO] ApiDb:261 - Set plugin images path to: D:\ST\STM32CubeIDE_1.13.2\STM32CubeIDE\plugins\com.st.stm32cube.common.mx_6.9.2.202309101412\\db\/plugins/mcufinder/images/
2024-10-08 09:27:45,094 [WARN] DbFile:41 - Overriding database path with different value: C:\Users\abdur\.stmcufinder\plugins\mcufinder/ => C:\Users\abdur\.stmcufinder\plugins\mcufinder
2024-10-08 09:27:45,094 [INFO] ApiDb:250 - Set database path to: C:\Users\abdur\.stmcufinder\plugins\mcufinder//mcu/
2024-10-08 09:27:45,094 [WARN] DbFile:41 - Overriding database path with different value: C:\Users\abdur\.stmcufinder\plugins\mcufinder/ => C:\Users\abdur\.stmcufinder\plugins\mcufinder
2024-10-08 09:27:45,094 [INFO] DbMcusAds:125 - Set database path to: C:\Users\abdur\.stmcufinder\plugins\mcufinder//mcu/
2024-10-08 09:27:45,094 [WARN] DbFile:41 - Overriding database path with different value: C:\Users\abdur\.stmcufinder\plugins\mcufinder/ => C:\Users\abdur\.stmcufinder\plugins\mcufinder
2024-10-08 09:27:45,094 [WARN] DbFile:41 - Overriding database path with different value: C:\Users\abdur\.stmcufinder\plugins\mcufinder/ => C:\Users\abdur\.stmcufinder\plugins\mcufinder
2024-10-08 09:27:45,094 [INFO] CrossReferenceDbSqlite:203 - Set database path to: C:\Users\abdur\.stmcufinder\plugins\mcufinder//mcu/cs/
2024-10-08 09:27:45,106 [INFO] ApplicationProperties:184 - Using Application install path: D:\ST\STM32CubeIDE_1.13.2\STM32CubeIDE\plugins\com.st.stm32cube.common.mx_6.9.2.202309101412
2024-10-08 09:27:45,106 [INFO] PluginManage:196 - Search for loadable plugins [exclusion list=, ]
2024-10-08 09:27:45,107 [INFO] PluginManage:310 - Check plugin analytics
2024-10-08 09:27:45,223 [INFO] AnalyticsPlugin:253 - Accepted Software Licenses: 
2024-10-08 09:27:45,223 [INFO] AnalyticsPlugin:255 - Accepted CMSIS Pack Licenses: 
2024-10-08 09:27:45,223 [INFO] AnalyticsPlugin:257 - Accepted Firmware Licenses: FW.F4.1.27.0
2024-10-08 09:27:45,225 [INFO] PluginManage:359 - Loaded plugin analytics (category:tool,tabindex:-1)
2024-10-08 09:27:45,225 [INFO] PluginManage:310 - Check plugin cadmodel
2024-10-08 09:27:45,229 [INFO] CADModel:105 - Init CAD model plugin
2024-10-08 09:27:45,229 [INFO] PluginManage:359 - Loaded plugin cadmodel (category:power,tabindex:5)
2024-10-08 09:27:45,229 [INFO] PluginManage:310 - Check plugin clock
2024-10-08 09:27:45,236 [INFO] PluginManage:359 - Loaded plugin clock (category:base,tabindex:2)
2024-10-08 09:27:45,236 [INFO] PluginManage:310 - Check plugin ddr
2024-10-08 09:27:45,239 [INFO] PluginManage:359 - Loaded plugin ddr (category:tool,tabindex:6)
2024-10-08 09:27:45,239 [INFO] PluginManage:310 - Check plugin filemanager
2024-10-08 09:27:45,369 [INFO] PluginManage:359 - Loaded plugin filemanager (category:base,tabindex:10)
2024-10-08 09:27:45,369 [INFO] PluginManage:310 - Check plugin ipmanager
2024-10-08 09:27:45,376 [INFO] PluginManage:359 - Loaded plugin ipmanager (category:base,tabindex:5)
2024-10-08 09:27:45,376 [INFO] PluginManage:310 - Check plugin lpbam
2024-10-08 09:27:45,384 [INFO] PluginManage:359 - Loaded plugin lpbam (category:base,tabindex:0)
2024-10-08 09:27:45,384 [INFO] PluginManage:310 - Check plugin memorymap
2024-10-08 09:27:45,396 [INFO] PluginManage:359 - Loaded plugin memorymap (category:base,tabindex:4)
2024-10-08 09:27:45,396 [INFO] PluginManage:310 - Check plugin pinoutandconfiguration
2024-10-08 09:27:45,402 [INFO] PluginManage:359 - Loaded plugin pinoutandconfiguration (category:base,tabindex:1)
2024-10-08 09:27:45,402 [INFO] PluginManage:310 - Check plugin pinoutconfig
2024-10-08 09:27:45,512 [WARN] SupportedApi:132 - Cannot load RTOS API schema: s4s-elt-must-match.1: The content of 'definitions' must match (annotation?, (simpleType | complexType)?, (unique | key | keyref)*)). A problem was found starting at: attribute.
2024-10-08 09:27:45,606 [INFO] PluginManage:359 - Loaded plugin pinoutconfig (category:base,tabindex:0)
2024-10-08 09:27:45,606 [INFO] PluginManage:310 - Check plugin power
2024-10-08 09:27:45,613 [INFO] PluginManage:359 - Loaded plugin power (category:power,tabindex:4)
2024-10-08 09:27:45,613 [INFO] PluginManage:310 - Check plugin projectmanager
2024-10-08 09:27:45,622 [INFO] PluginManage:359 - Loaded plugin projectmanager (category:projectmanager,tabindex:3)
2024-10-08 09:27:45,622 [INFO] PluginManage:310 - Check plugin thirdparty
2024-10-08 09:27:45,703 [INFO] PluginManage:359 - Loaded plugin thirdparty (category:base,tabindex:-1)
2024-10-08 09:27:45,703 [WARN] IntegrityCheckThread:84 - waiting for thirdparty lock release [integrity check]
2024-10-08 09:27:45,704 [INFO] IntegrityCheckThread:86 - entering critical section [integrity check]
2024-10-08 09:27:45,704 [INFO] PluginManage:310 - Check plugin tools
2024-10-08 09:27:45,704 [INFO] ThirdPartyUpdaterWithRetryManager:70 - Updater plugin not ready yet. [1/15]
2024-10-08 09:27:45,707 [INFO] PluginManage:359 - Loaded plugin tools (category:base,tabindex:7)
2024-10-08 09:27:45,707 [INFO] PluginManage:310 - Check plugin tutovideos
2024-10-08 09:27:45,825 [INFO] PluginManage:359 - Loaded plugin tutovideos (category:base,tabindex:-1)
2024-10-08 09:27:45,825 [INFO] PluginManage:310 - Check plugin updater
2024-10-08 09:27:45,834 [INFO] PluginManage:359 - Loaded plugin updater (category:base,tabindex:12)
2024-10-08 09:27:45,835 [INFO] PluginManage:310 - Check plugin userauth
2024-10-08 09:27:45,838 [INFO] UserAuth:113 - Init User Auth plugin
2024-10-08 09:27:45,838 [INFO] PluginManage:359 - Loaded plugin userauth (category:base,tabindex:14)
2024-10-08 09:27:45,840 [INFO] PluginManage:283 - PluginManage : Loaded plugins [17]
2024-10-08 09:27:46,011 [INFO] PinOutPanel:1499 - setPackage(No Configuration,No Configuration)
2024-10-08 09:27:46,095 [INFO] CADModel:165 - CPN selected for project level
2024-10-08 09:27:46,095 [INFO] CADModel:114 - Register for checkConnection events
2024-10-08 09:27:46,107 [INFO] IPUIPlugin:80 - create IPUIPlugin
2024-10-08 09:27:46,107 [INFO] PluginManager:220 - loadIPPluginJar : add adc
2024-10-08 09:27:46,108 [INFO] IPUIPlugin:80 - create IPUIPlugin
2024-10-08 09:27:46,108 [INFO] PluginManager:220 - loadIPPluginJar : add aes
2024-10-08 09:27:46,110 [INFO] IPUIPlugin:80 - create IPUIPlugin
2024-10-08 09:27:46,110 [INFO] PluginManager:220 - loadIPPluginJar : add can
2024-10-08 09:27:46,111 [INFO] IPUIPlugin:80 - create IPUIPlugin
2024-10-08 09:27:46,111 [INFO] PluginManager:220 - loadIPPluginJar : add comp
2024-10-08 09:27:46,112 [INFO] IPUIPlugin:80 - create IPUIPlugin
2024-10-08 09:27:46,112 [INFO] PluginManager:220 - loadIPPluginJar : add cryp
2024-10-08 09:27:46,113 [INFO] IPUIPlugin:80 - create IPUIPlugin
2024-10-08 09:27:46,113 [INFO] PluginManager:220 - loadIPPluginJar : add dfsdm
2024-10-08 09:27:46,117 [INFO] IPUIPlugin:80 - create IPUIPlugin
2024-10-08 09:27:46,117 [INFO] PluginManager:220 - loadIPPluginJar : add dma
2024-10-08 09:27:46,118 [INFO] IPUIPlugin:80 - create IPUIPlugin
2024-10-08 09:27:46,118 [INFO] PluginManager:220 - loadIPPluginJar : add dma3
2024-10-08 09:27:46,119 [INFO] IPUIPlugin:80 - create IPUIPlugin
2024-10-08 09:27:46,119 [INFO] PluginManager:220 - loadIPPluginJar : add fatfs
2024-10-08 09:27:46,121 [INFO] IPUIPlugin:80 - create IPUIPlugin
2024-10-08 09:27:46,121 [INFO] PluginManager:220 - loadIPPluginJar : add fmc
2024-10-08 09:27:46,124 [INFO] IPUIPlugin:80 - create IPUIPlugin
2024-10-08 09:27:46,124 [INFO] PluginManager:220 - loadIPPluginJar : add freertos
2024-10-08 09:27:46,126 [INFO] IPUIPlugin:80 - create IPUIPlugin
2024-10-08 09:27:46,126 [INFO] PluginManager:220 - loadIPPluginJar : add genericplugin
2024-10-08 09:27:46,127 [INFO] IPUIPlugin:80 - create IPUIPlugin
2024-10-08 09:27:46,127 [INFO] PluginManager:220 - loadIPPluginJar : add gfxmmu
2024-10-08 09:27:46,130 [INFO] IPUIPlugin:80 - create IPUIPlugin
2024-10-08 09:27:46,130 [INFO] PluginManager:220 - loadIPPluginJar : add gic
2024-10-08 09:27:46,132 [INFO] IPUIPlugin:80 - create IPUIPlugin
2024-10-08 09:27:46,133 [INFO] PluginManager:220 - loadIPPluginJar : add gpio
2024-10-08 09:27:46,134 [INFO] IPUIPlugin:80 - create IPUIPlugin
2024-10-08 09:27:46,134 [INFO] PluginManager:220 - loadIPPluginJar : add gtzc
2024-10-08 09:27:46,135 [INFO] IPUIPlugin:80 - create IPUIPlugin
2024-10-08 09:27:46,135 [INFO] PluginManager:220 - loadIPPluginJar : add hash
2024-10-08 09:27:46,136 [INFO] IPUIPlugin:80 - create IPUIPlugin
2024-10-08 09:27:46,136 [INFO] PluginManager:220 - loadIPPluginJar : add i2c
2024-10-08 09:27:46,137 [INFO] IPUIPlugin:80 - create IPUIPlugin
2024-10-08 09:27:46,137 [INFO] PluginManager:220 - loadIPPluginJar : add i2s
2024-10-08 09:27:46,138 [INFO] IPUIPlugin:80 - create IPUIPlugin
2024-10-08 09:27:46,139 [INFO] PluginManager:220 - loadIPPluginJar : add i3c
2024-10-08 09:27:46,141 [INFO] IPUIPlugin:80 - create IPUIPlugin
2024-10-08 09:27:46,141 [INFO] PluginManager:220 - loadIPPluginJar : add ipddr
2024-10-08 09:27:46,145 [INFO] IPUIPlugin:80 - create IPUIPlugin
2024-10-08 09:27:46,145 [INFO] PluginManager:220 - loadIPPluginJar : add linkedlist
2024-10-08 09:27:46,146 [INFO] IPUIPlugin:80 - create IPUIPlugin
2024-10-08 09:27:46,146 [INFO] PluginManager:220 - loadIPPluginJar : add lorawan
2024-10-08 09:27:46,147 [INFO] IPUIPlugin:80 - create IPUIPlugin
2024-10-08 09:27:46,147 [INFO] PluginManager:220 - loadIPPluginJar : add ltdc
2024-10-08 09:27:46,150 [INFO] IPUIPlugin:80 - create IPUIPlugin
2024-10-08 09:27:46,150 [INFO] PluginManager:220 - loadIPPluginJar : add mdma
2024-10-08 09:27:46,152 [INFO] IPUIPlugin:80 - create IPUIPlugin
2024-10-08 09:27:46,152 [INFO] PluginManager:220 - loadIPPluginJar : add nvic
2024-10-08 09:27:46,153 [INFO] IPUIPlugin:80 - create IPUIPlugin
2024-10-08 09:27:46,153 [INFO] PluginManager:220 - loadIPPluginJar : add opamp
2024-10-08 09:27:46,154 [INFO] IPUIPlugin:80 - create IPUIPlugin
2024-10-08 09:27:46,154 [INFO] PluginManager:220 - loadIPPluginJar : add openamp
2024-10-08 09:27:46,156 [INFO] IPUIPlugin:80 - create IPUIPlugin
2024-10-08 09:27:46,156 [INFO] PluginManager:220 - loadIPPluginJar : add pdm2pcm
2024-10-08 09:27:46,161 [INFO] IPUIPlugin:80 - create IPUIPlugin
2024-10-08 09:27:46,162 [INFO] PluginManager:220 - loadIPPluginJar : add plateformsettings
2024-10-08 09:27:46,163 [INFO] IPUIPlugin:80 - create IPUIPlugin
2024-10-08 09:27:46,163 [INFO] PluginManager:220 - loadIPPluginJar : add quadspi
2024-10-08 09:27:46,165 [INFO] IPUIPlugin:80 - create IPUIPlugin
2024-10-08 09:27:46,165 [INFO] PluginManager:220 - loadIPPluginJar : add resmgrutility
2024-10-08 09:27:46,167 [INFO] IPUIPlugin:80 - create IPUIPlugin
2024-10-08 09:27:46,167 [INFO] PluginManager:220 - loadIPPluginJar : add sai
2024-10-08 09:27:46,168 [INFO] IPUIPlugin:80 - create IPUIPlugin
2024-10-08 09:27:46,168 [INFO] PluginManager:220 - loadIPPluginJar : add spi
2024-10-08 09:27:46,171 [INFO] IPUIPlugin:80 - create IPUIPlugin
2024-10-08 09:27:46,171 [INFO] PluginManager:220 - loadIPPluginJar : add stm32_wpan
2024-10-08 09:27:46,173 [INFO] IPUIPlugin:80 - create IPUIPlugin
2024-10-08 09:27:46,173 [INFO] PluginManager:220 - loadIPPluginJar : add tim
2024-10-08 09:27:46,174 [INFO] IPUIPlugin:80 - create IPUIPlugin
2024-10-08 09:27:46,174 [INFO] PluginManager:220 - loadIPPluginJar : add touchsensing
2024-10-08 09:27:46,176 [INFO] IPUIPlugin:80 - create IPUIPlugin
2024-10-08 09:27:46,176 [INFO] PluginManager:220 - loadIPPluginJar : add tracer_emb
2024-10-08 09:27:46,177 [INFO] IPUIPlugin:80 - create IPUIPlugin
2024-10-08 09:27:46,177 [INFO] PluginManager:220 - loadIPPluginJar : add ts
2024-10-08 09:27:46,178 [INFO] IPUIPlugin:80 - create IPUIPlugin
2024-10-08 09:27:46,178 [INFO] PluginManager:220 - loadIPPluginJar : add tsc
2024-10-08 09:27:46,180 [INFO] IPUIPlugin:80 - create IPUIPlugin
2024-10-08 09:27:46,180 [INFO] PluginManager:220 - loadIPPluginJar : add ucpd
2024-10-08 09:27:46,181 [INFO] IPUIPlugin:80 - create IPUIPlugin
2024-10-08 09:27:46,181 [INFO] PluginManager:220 - loadIPPluginJar : add usart
2024-10-08 09:27:46,183 [INFO] IPUIPlugin:80 - create IPUIPlugin
2024-10-08 09:27:46,183 [INFO] PluginManager:220 - loadIPPluginJar : add usbx
2024-10-08 09:27:46,288 [INFO] CADModel:165 - CPN selected for project level
2024-10-08 09:27:46,288 [INFO] CADModel:114 - Register for checkConnection events
2024-10-08 09:27:46,288 [FATAL] Updater:308 - Updater called before beeing initialized
2024-10-08 09:27:46,288 [ERROR] CADModel:125 - Updater not yet initialized, retry later 
2024-10-08 09:27:46,394 [INFO] CADModel:165 - CPN selected for project level
2024-10-08 09:27:46,394 [INFO] CADModel:114 - Register for checkConnection events
2024-10-08 09:27:46,394 [FATAL] Updater:308 - Updater called before beeing initialized
2024-10-08 09:27:46,394 [ERROR] CADModel:125 - Updater not yet initialized, retry later 
2024-10-08 09:27:46,398 [FATAL] Updater:308 - Updater called before beeing initialized
2024-10-08 09:27:46,476 [FATAL] Updater:308 - Updater called before beeing initialized
2024-10-08 09:27:46,480 [INFO] DbMcusAds:53 - JSON generation date=Fri Sep 20 16:04:23 TRT 2024 (1726837463113)
2024-10-08 09:27:46,480 [FATAL] Updater:308 - Updater called before beeing initialized
2024-10-08 09:27:46,505 [WARN] DetailPanel:346 - Failed to get advertising image, set to default
2024-10-08 09:27:46,560 [FATAL] Updater:308 - Updater called before beeing initialized
2024-10-08 09:27:46,562 [FATAL] Updater:308 - Updater called before beeing initialized
2024-10-08 09:27:46,563 [FATAL] Updater:308 - Updater called before beeing initialized
2024-10-08 09:27:46,563 [WARN] DetailPanel:346 - Failed to get advertising image, set to default
2024-10-08 09:27:46,563 [FATAL] Updater:308 - Updater called before beeing initialized
2024-10-08 09:27:46,591 [ERROR] Updater:1120 - MainUpdater not yet initialized. External WinMGr cannot be set.
2024-10-08 09:27:46,592 [INFO] Updater:1056 - Updater Version found : 6.9.2
2024-10-08 09:27:46,606 [INFO] ApplicationProperties:184 - Using Application install path: D:\ST\STM32CubeIDE_1.13.2\STM32CubeIDE\plugins\com.st.stm32cube.common.mx_6.9.2.202309101412
2024-10-08 09:27:46,915 [INFO] MainUpdater:2868 - connection check result : 10
2024-10-08 09:27:46,916 [INFO] MainUpdater:285 - Updater Check For Update Now.
2024-10-08 09:27:46,916 [INFO] MicroXplorer:498 - Change Database Version : DB.6.0.92
2024-10-08 09:27:46,921 [INFO] McuFinderGlobals:63 - Set McuFinder mode to 2 (CubeIDE integrated)
2024-10-08 09:27:46,922 [INFO] UserAuth:179 - activating auth plugin
2024-10-08 09:27:46,923 [INFO] UserAuth:393 - Internet connection configuration mode: 1
2024-10-08 09:27:46,950 [INFO] JxBrowserEngine:151 - Initiate JxBrowser Engine with user profile folder
2024-10-08 09:27:47,078 [INFO] CheckServerUpdateThread:120 - End of CheckServer Thread
2024-10-08 09:27:48,870 [WARN] PackLoader:240 - Cannot read IP mode file for STMicroelectronics.FP-SNS-MOTENVWB1.1.4.0
2024-10-08 09:27:48,888 [WARN] PackLoader:240 - Cannot read IP mode file for STMicroelectronics.X-CUBE-SMBUS.2.1.0
2024-10-08 09:27:48,906 [WARN] PackLoader:240 - Cannot read IP mode file for STMicroelectronics.X-CUBE-WB05N.1.1.0
2024-10-08 09:27:48,923 [WARN] PackLoader:240 - Cannot read IP mode file for STMicroelectronics.X-CUBE-TOUCHGFX.4.23.0
2024-10-08 09:27:48,954 [WARN] PackLoader:240 - Cannot read IP mode file for STMicroelectronics.X-CUBE-AZRTOS-F7.1.1.0
2024-10-08 09:27:48,969 [WARN] PackLoader:240 - Cannot read IP mode file for STMicroelectronics.FP-SNS-MOTENV1.4.3.2
2024-10-08 09:27:49,022 [WARN] PackLoader:240 - Cannot read IP mode file for STMicroelectronics.X-CUBE-MEMS1.11.0.0
2024-10-08 09:27:49,252 [WARN] PackLoader:240 - Cannot read IP mode file for STMicroelectronics.FP-SNS-FLIGHT1.5.0.2
2024-10-08 09:27:49,280 [WARN] PackLoader:240 - Cannot read IP mode file for STMicroelectronics.X-CUBE-DISPLAY.3.0.0
2024-10-08 09:27:49,298 [WARN] PackLoader:240 - Cannot read IP mode file for STMicroelectronics.X-CUBE-BLE1.7.0.0
2024-10-08 09:27:49,316 [WARN] PackLoader:240 - Cannot read IP mode file for STMicroelectronics.X-CUBE-NFC10.1.0.0
2024-10-08 09:27:49,328 [WARN] PackLoader:240 - Cannot read IP mode file for emotas.I-CUBE-CANOPEN.1.3.0
2024-10-08 09:27:49,338 [WARN] PackLoader:240 - Cannot read IP mode file for STMicroelectronics.X-CUBE-TOUCHGFX.4.22.1
2024-10-08 09:27:49,354 [WARN] PackLoader:240 - Cannot read IP mode file for STMicroelectronics.X-CUBE-BLEMGR.3.1.0
2024-10-08 09:27:49,367 [WARN] PackLoader:240 - Cannot read IP mode file for STMicroelectronics.FP-SNS-SMARTAG2.1.2.0
2024-10-08 09:27:49,391 [INFO] LogOutputStream:77 - [STDOUT_REDIRECT] 1 : Invalid condition id : UX_CORESTACK_Condition cause : null
2024-10-08 09:27:49,391 [INFO] LogOutputStream:77 - [STDOUT_REDIRECT] 1 : Invalid condition id : UX_CORESTACK_Condition cause : null
2024-10-08 09:27:49,392 [INFO] LogOutputStream:77 - [STDOUT_REDIRECT] 1 : Invalid condition id : UX_CORESTACK_Condition cause : null
2024-10-08 09:27:49,394 [INFO] LogOutputStream:77 - [STDOUT_REDIRECT] 1 : Invalid condition id : UX_CORESTACK_Condition cause : null
2024-10-08 09:27:49,395 [INFO] LogOutputStream:77 - [STDOUT_REDIRECT] 1 : Invalid condition id : UX_CORESTACK_Condition cause : null
2024-10-08 09:27:49,397 [WARN] PackLoader:240 - Cannot read IP mode file for STMicroelectronics.X-CUBE-AZRTOS-WL.2.0.0
2024-10-08 09:27:49,418 [WARN] PackLoader:240 - Cannot read IP mode file for STMicroelectronics.FP-SNS-MOTENV1.5.0.0
2024-10-08 09:27:49,431 [WARN] PackLoader:240 - Cannot read IP mode file for wolfSSL.I-CUBE-wolfMQTT.1.19.0
2024-10-08 09:27:49,442 [WARN] PackLoader:240 - Cannot read IP mode file for WES.I-CUBE-Cesium.1.3.0
2024-10-08 09:27:49,461 [WARN] PackLoader:240 - Cannot read IP mode file for STMicroelectronics.X-CUBE-BLE2.3.3.0
2024-10-08 09:27:49,474 [WARN] PackLoader:240 - Cannot read IP mode file for STMicroelectronics.X-CUBE-NFC9.1.0.0
2024-10-08 09:27:49,492 [WARN] PackLoader:240 - Cannot read IP mode file for STMicroelectronics.X-CUBE-TCPP.4.1.0
2024-10-08 09:27:49,510 [WARN] PackLoader:240 - Cannot read IP mode file for STMicroelectronics.X-CUBE-ALGOBUILD.1.3.0
2024-10-08 09:27:49,535 [WARN] PackLoader:240 - Cannot read IP mode file for STMicroelectronics.X-CUBE-AZRTOS-G0.1.1.0
2024-10-08 09:27:49,557 [WARN] PackLoader:240 - Cannot read IP mode file for STMicroelectronics.X-CUBE-SAFEA1.1.2.2
2024-10-08 09:27:49,567 [WARN] PackLoader:240 - Cannot read IP mode file for STMicroelectronics.X-CUBE-NFC4.3.0.0
2024-10-08 09:27:49,576 [ERROR] Engine:466 - C:\Users\abdur\.stm32cubemx\thirdparties\pdsc\EmbeddedOffice.I-CUBE-FS-RTOS.1.0.1.pdsc: PDSC version is not supported
2024-10-08 09:27:49,591 [WARN] PackLoader:240 - Cannot read IP mode file for STMicroelectronics.X-CUBE-BLEMGR.3.0.0
2024-10-08 09:27:49,602 [ERROR] Engine:466 - C:\Users\abdur\.stm32cubemx\thirdparties\pdsc\RealThread.X-CUBE-RT-Thread_Nano.4.1.1.pdsc: PDSC version is not supported
2024-10-08 09:27:49,612 [WARN] PackLoader:240 - Cannot read IP mode file for STMicroelectronics.FP-ATR-SIGFOX1.3.2.0
2024-10-08 09:27:49,621 [WARN] PackLoader:240 - Cannot read IP mode file for STMicroelectronics.X-CUBE-EEPRMA1.5.1.0
2024-10-08 09:27:49,652 [WARN] PackLoader:240 - Cannot read IP mode file for SEGGER.I-CUBE-embOS.1.3.1
2024-10-08 09:27:49,678 [WARN] PackLoader:240 - Cannot read IP mode file for STMicroelectronics.X-CUBE-ALGOBUILD.1.4.0
2024-10-08 09:27:49,686 [WARN] PackLoader:240 - Cannot read IP mode file for STMicroelectronics.X-CUBE-AI.9.1.0
2024-10-08 09:27:49,714 [WARN] PackLoader:240 - Cannot read IP mode file for STMicroelectronics.X-CUBE-GNSS1.6.0.0
2024-10-08 09:27:49,732 [WARN] PackLoader:240 - Cannot read IP mode file for STMicroelectronics.X-CUBE-AZRTOS-F4.1.1.0
2024-10-08 09:27:49,743 [WARN] PackLoader:240 - Cannot read IP mode file for wolfSSL.I-CUBE-wolfSSL.5.6.3
2024-10-08 09:27:49,755 [WARN] PackLoader:240 - Cannot read IP mode file for STMicroelectronics.X-CUBE-ISPU.2.1.0
2024-10-08 09:27:49,765 [WARN] PackLoader:240 - Cannot read IP mode file for STMicroelectronics.X-CUBE-FREERTOS.1.2.0
2024-10-08 09:27:49,787 [WARN] PackLoader:240 - Cannot read IP mode file for STMicroelectronics.X-CUBE-AZRTOS-L5.2.0.0
2024-10-08 09:27:49,822 [WARN] PackLoader:240 - Cannot read IP mode file for STMicroelectronics.X-CUBE-MEMS1.9.6.0
2024-10-08 09:27:49,934 [WARN] PackLoader:240 - Cannot read IP mode file for STMicroelectronics.X-CUBE-EEPRMA1.4.2.0
2024-10-08 09:27:49,948 [WARN] PackLoader:240 - Cannot read IP mode file for STMicroelectronics.X-CUBE-NFC6.3.1.0
2024-10-08 09:27:50,012 [WARN] PackLoader:240 - Cannot read IP mode file for ITTIA_DB.I-CUBE-ITTIADB.8.8.0
2024-10-08 09:27:50,022 [WARN] PackLoader:240 - Cannot read IP mode file for STMicroelectronics.X-CUBE-BLEMGR.2.0.0
2024-10-08 09:27:50,044 [ERROR] Engine:466 - C:\Users\abdur\.stm32cubemx\thirdparties\pdsc\STMicroelectronics.X-CUBE-DPower.1.2.0.pdsc: PDSC version is not supported
2024-10-08 09:27:50,057 [WARN] PackLoader:240 - Cannot read IP mode file for STMicroelectronics.X-CUBE-AI.9.0.0
2024-10-08 09:27:50,077 [WARN] ConditionMgr:438 - getConditionDescription Invalid condition id : UX DEVICE CLASS RTOS Condition cause : null
2024-10-08 09:27:50,077 [WARN] ConditionMgr:438 - getConditionDescription Invalid condition id : UX DEVICE CLASS RTOS Condition cause : null
2024-10-08 09:27:50,079 [WARN] PackLoader:240 - Cannot read IP mode file for STMicroelectronics.X-CUBE-AZRTOS-H7.3.1.0
2024-10-08 09:27:50,080 [WARN] ConditionMgr:1039 - genDependencies : Invalid condition id : UX DEVICE CLASS RTOS Condition cause : null
2024-10-08 09:27:50,080 [WARN] ConditionMgr:1039 - genDependencies : Invalid condition id : UX DEVICE CLASS RTOS Condition cause : null
2024-10-08 09:27:50,080 [WARN] ConditionMgr:1039 - genDependencies : Invalid condition id : UX DEVICE CLASS RTOS Condition cause : null
2024-10-08 09:27:50,080 [WARN] ConditionMgr:1039 - genDependencies : Invalid condition id : UX DEVICE CLASS RTOS Condition cause : null
2024-10-08 09:27:50,081 [WARN] ConditionMgr:1039 - genDependencies : Invalid condition id : UX DEVICE CLASS RTOS Condition cause : null
2024-10-08 09:27:50,094 [WARN] PackLoader:240 - Cannot read IP mode file for STMicroelectronics.X-CUBE-NFC7.1.0.1
2024-10-08 09:27:50,104 [WARN] PackLoader:240 - Cannot read IP mode file for wolfSSL.I-CUBE-wolfTPM.3.2.0
2024-10-08 09:27:50,117 [WARN] PackLoader:240 - Cannot read IP mode file for STMicroelectronics.X-CUBE-NFC6.3.0.0
2024-10-08 09:27:50,128 [WARN] PackLoader:240 - Cannot read IP mode file for STMicroelectronics.X-CUBE-EEPRMA1.4.1.0
2024-10-08 09:27:50,141 [WARN] PackLoader:240 - Cannot read IP mode file for STMicroelectronics.X-CUBE-AI.8.1.0
2024-10-08 09:27:50,165 [WARN] ConditionMgr:438 - getConditionDescription Invalid condition id : LAN8742 Phy interface Condition cause : null
2024-10-08 09:27:50,165 [WARN] PackLoader:240 - Cannot read IP mode file for STMicroelectronics.X-CUBE-AZRTOS-L4.2.0.0
2024-10-08 09:27:50,166 [WARN] ConditionMgr:1039 - genDependencies : Invalid condition id : LAN8742 Phy interface Condition cause : null
2024-10-08 09:27:50,166 [WARN] ConditionMgr:1039 - genDependencies : Invalid condition id : LAN8742 Phy interface Condition cause : null
2024-10-08 09:27:50,167 [WARN] ConditionMgr:1039 - genDependencies : Invalid condition id : LAN8742 Phy interface Condition cause : null
2024-10-08 09:27:50,208 [WARN] PackLoader:240 - Cannot read IP mode file for STMicroelectronics.X-CUBE-SFXS2LP1.4.0.0
2024-10-08 09:27:50,228 [WARN] PackLoader:240 - Cannot read IP mode file for STMicroelectronics.X-CUBE-ISPU.1.1.0
2024-10-08 09:27:50,250 [WARN] PackLoader:240 - Cannot read IP mode file for STMicroelectronics.X-CUBE-AZRTOS-H7.3.3.0
2024-10-08 09:27:50,261 [ERROR] Engine:466 - C:\Users\abdur\.stm32cubemx\thirdparties\pdsc\STMicroelectronics.X-CUBE-IPS.3.0.0.pdsc: PDSC version is not supported
2024-10-08 09:27:50,275 [WARN] ConditionMgr:438 - getConditionDescription Invalid condition id : UX DEVICE CLASS RTOS Condition cause : null
2024-10-08 09:27:50,275 [WARN] ConditionMgr:438 - getConditionDescription Invalid condition id : UX DEVICE CLASS RTOS Condition cause : null
2024-10-08 09:27:50,276 [WARN] PackLoader:240 - Cannot read IP mode file for STMicroelectronics.X-CUBE-AZRTOS-WB.2.0.0
2024-10-08 09:27:50,276 [WARN] ConditionMgr:1039 - genDependencies : Invalid condition id : UX DEVICE CLASS RTOS Condition cause : null
2024-10-08 09:27:50,276 [WARN] ConditionMgr:1039 - genDependencies : Invalid condition id : UX DEVICE CLASS RTOS Condition cause : null
2024-10-08 09:27:50,276 [WARN] ConditionMgr:1039 - genDependencies : Invalid condition id : UX DEVICE CLASS RTOS Condition cause : null
2024-10-08 09:27:50,276 [WARN] ConditionMgr:1039 - genDependencies : Invalid condition id : UX DEVICE CLASS RTOS Condition cause : null
2024-10-08 09:27:50,276 [WARN] ConditionMgr:1039 - genDependencies : Invalid condition id : UX DEVICE CLASS RTOS Condition cause : null
2024-10-08 09:27:50,287 [WARN] PackLoader:240 - Cannot read IP mode file for STMicroelectronics.X-CUBE-GNSS1.7.0.0
2024-10-08 09:27:50,295 [ERROR] Engine:466 - C:\Users\abdur\.stm32cubemx\thirdparties\pdsc\STMicroelectronics.FP-SNS-STBOX1.2.0.0.pdsc: PDSC version is not supported
2024-10-08 09:27:50,307 [WARN] PackLoader:240 - Cannot read IP mode file for STMicroelectronics.X-CUBE-SUBG2.5.0.0
2024-10-08 09:27:50,320 [WARN] PackLoader:240 - Cannot read IP mode file for Cesanta.I-CUBE-Mongoose.7.13.0
2024-10-08 09:27:50,332 [WARN] PackLoader:240 - Cannot read IP mode file for STMicroelectronics.X-CUBE-TOF1.3.3.1
2024-10-08 09:27:50,350 [WARN] PackLoader:240 - Cannot read IP mode file for STMicroelectronics.X-CUBE-AZRTOS-G4.2.0.0
2024-10-08 09:27:50,373 [WARN] PackLoader:240 - Cannot read IP mode file for Infineon.AIROC-Wi-Fi-Bluetooth-STM32.1.5.1
2024-10-08 09:27:50,385 [WARN] PackLoader:240 - Cannot read IP mode file for STMicroelectronics.FP-SNS-MOTENVWB1.1.3.1
2024-10-08 09:27:50,400 [WARN] PackLoader:240 - Cannot read IP mode file for STMicroelectronics.X-CUBE-ISPU.2.0.0
2024-10-08 09:27:50,420 [WARN] PackLoader:240 - Cannot read IP mode file for STMicroelectronics.X-CUBE-ALS.1.0.2
2024-10-08 09:27:50,471 [WARN] PackLoader:240 - Cannot read IP mode file for STMicroelectronics.X-CUBE-MEMS1.10.0.0
2024-10-08 09:27:50,552 [WARN] PackLoader:240 - Cannot read IP mode file for STMicroelectronics.X-CUBE-FREERTOS.1.1.0
2024-10-08 09:27:50,565 [WARN] PackLoader:240 - Cannot read IP mode file for STMicroelectronics.X-CUBE-TOUCHGFX.4.24.0
2024-10-08 09:27:50,597 [WARN] PackLoader:240 - Cannot read IP mode file for STMicroelectronics.X-CUBE-TOUCHGFX.4.24.1
2024-10-08 09:27:50,614 [WARN] PackLoader:240 - Cannot read IP mode file for portGmbH.I-Cube-SoM-uGOAL.1.1.0
2024-10-08 09:27:50,632 [WARN] PackLoader:240 - Cannot read IP mode file for STMicroelectronics.X-CUBE-ALS.1.0.1
2024-10-08 09:27:50,659 [WARN] PackLoader:240 - Cannot read IP mode file for STMicroelectronics.X-CUBE-AZRTOS-H7RS.1.0.0
2024-10-08 09:27:50,672 [WARN] PackLoader:240 - Cannot read IP mode file for STMicroelectronics.FP-ATR-ASTRA1.2.0.0
2024-10-08 09:27:50,691 [ERROR] Engine:466 - C:\Users\abdur\.stm32cubemx\thirdparties\pdsc\STMicroelectronics.X-CUBE-TOF1.3.4.2.pdsc: PDSC version is not supported
2024-10-08 09:27:50,705 [WARN] PackLoader:240 - Cannot read IP mode file for STMicroelectronics.X-CUBE-TOF1.3.4.0
2024-10-08 09:27:50,725 [WARN] PackLoader:240 - Cannot read IP mode file for STMicroelectronics.X-CUBE-TOF1.3.4.1
2024-10-08 09:27:50,835 [WARN] PackLoader:240 - Cannot read IP mode file for STMicroelectronics.X-CUBE-AZRTOS-H7.3.2.0
2024-10-08 09:27:50,871 [WARN] PackLoader:240 - Cannot read IP mode file for wolfSSL.I-CUBE-wolfSSH.1.4.17
2024-10-08 09:27:50,872 [INFO] ThirdParty:978 - Integrity check success = true
2024-10-08 09:27:50,872 [INFO] IntegrityCheckThread:100 - exiting critical section [integrity check]
2024-10-08 09:27:50,872 [INFO] IntegrityCheckThread:103 - End integrity checks thread
2024-10-08 09:27:50,899 [INFO] WebApp:157 - Instantiating new browser for Auth
2024-10-08 09:27:51,425 [INFO] WebApp:753 - Register for checkConnection events
2024-10-08 09:27:51,425 [INFO] WebApp:390 - Apply proxy settings
2024-10-08 09:27:51,425 [INFO] WebApp:475 - Chromium requires no authentication
2024-10-08 09:27:51,432 [INFO] WebApp:418 - Direct internet connection detected
2024-10-08 09:27:51,543 [INFO] WebApp:188 - Starting web application
2024-10-08 09:27:51,544 [INFO] WebApp:520 - Web application path used D:\ST\STM32CubeIDE_1.13.2\STM32CubeIDE\plugins\com.st.stm32cube.common.mx_6.9.2.202309101412\db\plugins\mcufinder\reactClient1\index.html
2024-10-08 09:28:12,286 [ERROR] LogOutputStream:75 - [STDERR_REDIRECT] SLF4J: Failed to load class "org.slf4j.impl.StaticLoggerBinder".
2024-10-08 09:28:12,286 [ERROR] LogOutputStream:75 - [STDERR_REDIRECT] SLF4J: Defaulting to no-operation (NOP) logger implementation
2024-10-08 09:28:12,287 [ERROR] LogOutputStream:75 - [STDERR_REDIRECT] SLF4J: See http://www.slf4j.org/codes.html#StaticLoggerBinder for further details.
2024-10-08 09:29:24,208 [INFO] LogOutputStream:77 - [STDOUT_REDIRECT] Unexpected error loading extension: org.eclipse.equinox.p2.metadata.repository.XZedRepository
2024-10-08 09:29:24,211 [ERROR] LogOutputStream:75 - [STDERR_REDIRECT] java.lang.IllegalStateException: Attempt to access stopped agent: org.eclipse.equinox.internal.p2.core.ProvisioningAgent@6c4dcd24
2024-10-08 09:29:24,212 [ERROR] LogOutputStream:75 - [STDERR_REDIRECT] 	at org.eclipse.equinox.internal.p2.core.ProvisioningAgent.checkRunning(ProvisioningAgent.java:86)
2024-10-08 09:29:24,214 [ERROR] LogOutputStream:75 - [STDERR_REDIRECT] 	at org.eclipse.equinox.internal.p2.core.ProvisioningAgent.getService(ProvisioningAgent.java:50)
2024-10-08 09:29:24,215 [ERROR] LogOutputStream:75 - [STDERR_REDIRECT] 	at org.eclipse.equinox.p2.core.IProvisioningAgent.getService(IProvisioningAgent.java:86)
2024-10-08 09:29:24,216 [ERROR] LogOutputStream:75 - [STDERR_REDIRECT] 	at org.eclipse.equinox.internal.p2.transport.ecf.RepositoryTransport.download(RepositoryTransport.java:91)
2024-10-08 09:29:24,218 [ERROR] LogOutputStream:75 - [STDERR_REDIRECT] 	at org.eclipse.equinox.internal.p2.repository.CacheManager.updateCache(CacheManager.java:436)
2024-10-08 09:29:24,219 [ERROR] LogOutputStream:75 - [STDERR_REDIRECT] 	at org.eclipse.equinox.internal.p2.repository.CacheManager.createCacheFromFile(CacheManager.java:141)
2024-10-08 09:29:24,222 [ERROR] LogOutputStream:75 - [STDERR_REDIRECT] 	at org.eclipse.equinox.internal.p2.metadata.repository.XZedSimpleMetadataRepositoryFactory.getLocalFile(XZedSimpleMetadataRepositoryFactory.java:60)
2024-10-08 09:29:24,224 [ERROR] LogOutputStream:75 - [STDERR_REDIRECT] 	at org.eclipse.equinox.internal.p2.metadata.repository.XZedSimpleMetadataRepositoryFactory.load(XZedSimpleMetadataRepositoryFactory.java:80)
2024-10-08 09:29:24,227 [ERROR] LogOutputStream:75 - [STDERR_REDIRECT] 	at org.eclipse.equinox.internal.p2.metadata.repository.MetadataRepositoryManager.factoryLoad(MetadataRepositoryManager.java:63)
2024-10-08 09:29:24,228 [ERROR] LogOutputStream:75 - [STDERR_REDIRECT] 	at org.eclipse.equinox.internal.p2.repository.helpers.AbstractRepositoryManager.loadRepository(AbstractRepositoryManager.java:787)
2024-10-08 09:29:24,231 [ERROR] LogOutputStream:75 - [STDERR_REDIRECT] 	at org.eclipse.equinox.internal.p2.repository.helpers.AbstractRepositoryManager.loadRepository(AbstractRepositoryManager.java:685)
2024-10-08 09:29:24,233 [ERROR] LogOutputStream:75 - [STDERR_REDIRECT] 	at org.eclipse.equinox.internal.p2.metadata.repository.MetadataRepositoryManager.loadRepository(MetadataRepositoryManager.java:110)
2024-10-08 09:29:24,235 [ERROR] LogOutputStream:75 - [STDERR_REDIRECT] 	at org.eclipse.equinox.internal.p2.metadata.repository.MetadataRepositoryManager.loadRepository(MetadataRepositoryManager.java:105)
2024-10-08 09:29:24,238 [ERROR] LogOutputStream:75 - [STDERR_REDIRECT] 	at org.eclipse.equinox.internal.p2.metadata.repository.CompositeMetadataRepository.addChild(CompositeMetadataRepository.java:171)
2024-10-08 09:29:24,240 [ERROR] LogOutputStream:75 - [STDERR_REDIRECT] 	at org.eclipse.equinox.internal.p2.metadata.repository.CompositeMetadataRepository.<init>(CompositeMetadataRepository.java:113)
2024-10-08 09:29:24,269 [ERROR] LogOutputStream:75 - [STDERR_REDIRECT] 	at org.eclipse.equinox.internal.p2.metadata.repository.CompositeMetadataRepositoryFactory.load(CompositeMetadataRepositoryFactory.java:124)
2024-10-08 09:29:24,271 [ERROR] LogOutputStream:75 - [STDERR_REDIRECT] 	at org.eclipse.equinox.internal.p2.metadata.repository.MetadataRepositoryManager.factoryLoad(MetadataRepositoryManager.java:63)
